spawn:
spawn telnet
open: pop.163.com 110
telnet> open pop.163.com 110
Trying 123.125.50.29...
Connected to pop.163.com.
Escape character is '^]'.
+OK Welcome to coremail Mail Pop3 Server (163coms[8db726ec93e9d4e3e9a2fd3d31b05251s])
match "+OK Welcome"
Get the sponse from server
Send the user name
user 18939862251
+OK core mail
match "+OK core mail"
Send the password
pass 1qaz@WSX
+OK 3 message(s) [33846 byte(s)]
match "+OK message list"
There is 3 mails and 33846 bytes
--------------------------
Get the mail list from server
uidl
+OK 3 33846
1 1tbiNxTLBFD+H+3YwgAAsq
2 xtbB0A-LBFEAA0rn7wAAsA
3 xtbBSQLLBFD+KivMZwAAsA
.

pass 1qaz@WSX
+OK 3 message(s) [33846 byte(s)
--------------------------
